INFO: 2021-08-07 21:37:45,308: main() 'Using profile folder /home/niel/.config/variety/'
INFO: 2021-08-07 21:37:45,311: perform_upgrade() 'Last run version was 0.8.5 or earlier, current version is 0.8.5'
INFO: 2021-08-07 21:37:45,418: process_command() 'Received command: ['--profile', '/home/niel/.config/variety/']'
INFO: 2021-08-07 21:37:45,420: load_banned() 'Missing or invalid banned URLs list, no URLs will be banned'
INFO: 2021-08-07 21:37:45,437: start() 'Using data_path /usr/share/variety'
INFO: 2021-08-07 21:37:45,437: load() 'Jumble loading'
INFO: 2021-08-07 21:37:45,438: _walk_modules() 'Jumble loading module in __init__ from /usr/lib/python3.9/site-packages/variety/plugins/builtin/__init__.py'
INFO: 2021-08-07 21:37:45,438: _walk_modules() 'Jumble loading module in WallhavenDownloader from /usr/lib/python3.9/site-packages/variety/plugins/builtin/downloaders/WallhavenDownloader.py'
INFO: 2021-08-07 21:37:45,439: _walk_modules() 'Jumble loading module in WallhavenSource from /usr/lib/python3.9/site-packages/variety/plugins/builtin/downloaders/WallhavenSource.py'
INFO: 2021-08-07 21:37:45,440: load() 'Jumble found plugin class: <class 'WallhavenSource.WallhavenSource'>: {'name': 'WallhavenSource', 'description': 'Configurable source for fetching images from Wallhaven.cc', 'author': 'Peter Levi', 'version': '0.1'}'
INFO: 2021-08-07 21:37:45,441: _walk_modules() 'Jumble loading module in UnsplashDownloader from /usr/lib/python3.9/site-packages/variety/plugins/builtin/downloaders/UnsplashDownloader.py'
INFO: 2021-08-07 21:37:45,441: load() 'Jumble found plugin class: <class 'UnsplashDownloader.UnsplashDownloader'>: {'name': 'UnsplashDownloader', 'description': 'High-resolution photos from Unsplash.com', 'author': 'Peter Levi', 'version': '0.1'}'
INFO: 2021-08-07 21:37:45,441: _walk_modules() 'Jumble loading module in __init__ from /usr/lib/python3.9/site-packages/variety/plugins/builtin/downloaders/__init__.py'
INFO: 2021-08-07 21:37:45,442: _walk_modules() 'Jumble loading module in APODDownloader from /usr/lib/python3.9/site-packages/variety/plugins/builtin/downloaders/APODDownloader.py'
INFO: 2021-08-07 21:37:45,442: load() 'Jumble found plugin class: <class 'APODDownloader.APODDownloader'>: {'name': 'APODDownloader', 'description': 'NASA Astro Pic of the Day', 'author': 'Peter Levi', 'version': '0.1'}'
INFO: 2021-08-07 21:37:45,442: _walk_modules() 'Jumble loading module in EarthviewDownloader from /usr/lib/python3.9/site-packages/variety/plugins/builtin/downloaders/EarthviewDownloader.py'
INFO: 2021-08-07 21:37:45,443: load() 'Jumble found plugin class: <class 'EarthviewDownloader.EarthviewDownloader'>: {'name': 'EarthviewDownloader', 'description': 'Google Earth View Wallpapers', 'author': 'Peter Levi', 'version': '0.1'}'
INFO: 2021-08-07 21:37:45,443: _walk_modules() 'Jumble loading module in RedditSource from /usr/lib/python3.9/site-packages/variety/plugins/builtin/downloaders/RedditSource.py'
INFO: 2021-08-07 21:37:45,444: load() 'Jumble found plugin class: <class 'RedditSource.RedditSource'>: {'name': 'RedditSource', 'description': 'Configurable source for fetching images from Reddit', 'author': 'Peter Levi', 'version': '0.1'}'
INFO: 2021-08-07 21:37:45,444: _walk_modules() 'Jumble loading module in UnsplashConfigurableSource from /usr/lib/python3.9/site-packages/variety/plugins/builtin/downloaders/UnsplashConfigurableSource.py'
INFO: 2021-08-07 21:37:45,445: load() 'Jumble found plugin class: <class 'UnsplashConfigurableSource.UnsplashConfigurableSource'>: {'name': 'UnsplashConfigurableSource', 'description': 'Configurable source for fetching photos from Unsplash.com', 'author': 'Peter Levi', 'version': '0.1'}'
INFO: 2021-08-07 21:37:45,446: _walk_modules() 'Jumble loading module in RedditDownloader from /usr/lib/python3.9/site-packages/variety/plugins/builtin/downloaders/RedditDownloader.py'
INFO: 2021-08-07 21:37:45,446: _walk_modules() 'Jumble loading module in MediaRSSSource from /usr/lib/python3.9/site-packages/variety/plugins/builtin/downloaders/MediaRSSSource.py'
INFO: 2021-08-07 21:37:45,447: load() 'Jumble found plugin class: <class 'MediaRSSSource.MediaRSSSource'>: {'name': 'MediaRSSSource', 'description': 'Configurable source for fetching images from MediaRSS feeds', 'author': 'Peter Levi', 'version': '0.1'}'
INFO: 2021-08-07 21:37:45,447: _walk_modules() 'Jumble loading module in MediaRSSDownloader from /usr/lib/python3.9/site-packages/variety/plugins/builtin/downloaders/MediaRSSDownloader.py'
INFO: 2021-08-07 21:37:45,448: _walk_modules() 'Jumble loading module in BingDownloader from /usr/lib/python3.9/site-packages/variety/plugins/builtin/downloaders/BingDownloader.py'
INFO: 2021-08-07 21:37:45,448: load() 'Jumble found plugin class: <class 'BingDownloader.BingDownloader'>: {'name': 'BingDownloader', 'description': 'Bing Photo of the Day', 'author': 'Peter Levi', 'version': '0.1'}'
INFO: 2021-08-07 21:37:45,449: _walk_modules() 'Jumble loading module in LocalFilesSource from /usr/lib/python3.9/site-packages/variety/plugins/builtin/quotes/LocalFilesSource.py'
INFO: 2021-08-07 21:37:45,449: load() 'Jumble found plugin class: <class 'LocalFilesSource.LocalFilesSource'>: {'name': 'Local text files', 'description': 'Displays quotes, defined in local text files.\nPut your own txt files in: /home/niel/.config/variety/pluginconfig/quotes/.\nThe file format is:\n\nquote -- author\n.\nsecond quote -- another author\n.\netc...\n\nExample: http://rvelthuis.de/zips/quotes.txt', 'author': 'Peter Levi', 'version': '0.1'}'
INFO: 2021-08-07 21:37:45,449: _walk_modules() 'Jumble loading module in UrbanDictionarySource from /usr/lib/python3.9/site-packages/variety/plugins/builtin/quotes/UrbanDictionarySource.py'
INFO: 2021-08-07 21:37:45,450: load() 'Jumble found plugin class: <class 'UrbanDictionarySource.UrbanDictionarySource'>: {'name': 'Urban Dictionary', 'description': 'Displays definitions from Urban Dictionary', 'author': 'James Miller', 'version': '0.1'}'
INFO: 2021-08-07 21:37:45,450: _walk_modules() 'Jumble loading module in __init__ from /usr/lib/python3.9/site-packages/variety/plugins/builtin/quotes/__init__.py'
INFO: 2021-08-07 21:37:45,450: _walk_modules() 'Jumble loading module in FortuneSource from /usr/lib/python3.9/site-packages/variety/plugins/builtin/quotes/FortuneSource.py'
INFO: 2021-08-07 21:37:45,451: load() 'Jumble found plugin class: <class 'FortuneSource.FortuneSource'>: {'name': 'UNIX fortune program', 'description': 'Displays quotes using the UNIX fortune program. You may want to install additional fortune packs, e.g. fortunes-bofh-excuses.', 'author': 'Dan Jones', 'version': '0.1'}'
INFO: 2021-08-07 21:37:45,451: _walk_modules() 'Jumble loading module in GoodreadsSource from /usr/lib/python3.9/site-packages/variety/plugins/builtin/quotes/GoodreadsSource.py'
INFO: 2021-08-07 21:37:45,458: load() 'Jumble found plugin class: <class 'GoodreadsSource.GoodreadsSource'>: {'name': 'Goodreads', 'description': 'Fetches quotes from Goodreads.com', 'author': 'Peter Levi', 'version': '0.1'}'
INFO: 2021-08-07 21:37:45,458: _walk_modules() 'Jumble loading module in QuotationsPageSource from /usr/lib/python3.9/site-packages/variety/plugins/builtin/quotes/QuotationsPageSource.py'
INFO: 2021-08-07 21:37:45,459: load() 'Jumble found plugin class: <class 'QuotationsPageSource.QuotationsPageSource'>: {'name': 'TheQuotationsPage.com', 'description': 'Fetches quotes from TheQuotationsPage.com', 'author': 'Peter Levi', 'version': '0.1'}'
INFO: 2021-08-07 21:37:45,462: reload_config() 'Creating new downloader for type wallhaven, location minimalism'
INFO: 2021-08-07 21:37:45,463: log_options() 'Loaded options:'
INFO: 2021-08-07 21:37:45,463: log_options() 'change_enabled = False'
INFO: 2021-08-07 21:37:45,463: log_options() 'change_interval = 300'
INFO: 2021-08-07 21:37:45,463: log_options() 'change_on_start = True'
INFO: 2021-08-07 21:37:45,463: log_options() 'clipboard_enabled = False'
INFO: 2021-08-07 21:37:45,463: log_options() 'clipboard_hosts = ['wallhaven.cc', 'wallpapers.net', 'flickr.com', 'imgur.com', 'deviantart.com', 'interfacelift.com', 'vladstudio.com', 'imageshack.us', 'deviantart.net', 'imageshack.com']'
INFO: 2021-08-07 21:37:45,463: log_options() 'clipboard_use_whitelist = True'
INFO: 2021-08-07 21:37:45,463: log_options() 'clock_date_font = Ubuntu Condensed, 30'
INFO: 2021-08-07 21:37:45,463: log_options() 'clock_enabled = False'
INFO: 2021-08-07 21:37:45,463: log_options() 'clock_filter = -density 100 -font `fc-match -f '%{file[0]}' '%CLOCK_FONT_NAME'` -pointsize %CLOCK_FONT_SIZE -gravity SouthEast -fill '#00000044' -annotate 0x0+[%HOFFSET+58]+[%VOFFSET+108] '%H:%M' -fill white -annotate 0x0+[%HOFFSET+60]+[%VOFFSET+110] '%H:%M' -font `fc-match -f '%{file[0]}' '%DATE_FONT_NAME'` -pointsize %DATE_FONT_SIZE -fill '#00000044' -annotate 0x0+[%HOFFSET+58]+[%VOFFSET+58] '%A, %B %d' -fill white -annotate 0x0+[%HOFFSET+60]+[%VOFFSET+60] '%A, %B %d''
INFO: 2021-08-07 21:37:45,463: log_options() 'clock_font = Ubuntu Condensed, 70'
INFO: 2021-08-07 21:37:45,463: log_options() 'configfile = /home/niel/.config/variety/variety.conf'
INFO: 2021-08-07 21:37:45,463: log_options() 'copyto_enabled = False'
INFO: 2021-08-07 21:37:45,463: log_options() 'copyto_folder = Default'
INFO: 2021-08-07 21:37:45,463: log_options() 'desired_color = [160, 160, 160]'
INFO: 2021-08-07 21:37:45,463: log_options() 'desired_color_enabled = False'
INFO: 2021-08-07 21:37:45,463: log_options() 'download_folder = /home/niel/.config/variety/Downloaded'
INFO: 2021-08-07 21:37:45,463: log_options() 'download_preference_ratio = 0.9'
INFO: 2021-08-07 21:37:45,463: log_options() 'favorites_folder = /home/niel/.config/variety/Favorites'
INFO: 2021-08-07 21:37:45,463: log_options() 'favorites_operations = [['Downloaded', 'Copy'], ['Fetched', 'Move'], ['Others', 'Copy']]'
INFO: 2021-08-07 21:37:45,463: log_options() 'fetched_folder = /home/niel/.config/variety/Fetched'
INFO: 2021-08-07 21:37:45,463: log_options() 'filters = [[False, 'Keep original', ''], [False, 'Grayscale', '-type Grayscale'], [False, 'Heavy blur', '-blur 120x40'], [False, 'Soft blur', '-blur 20x7'], [False, 'Oil painting', '-paint 8'], [False, 'Pointilism', '-spread 10 -noise 3'], [False, 'Pixellate', '-scale 3% -scale 3333%']]'
INFO: 2021-08-07 21:37:45,463: log_options() 'icon = Light'
INFO: 2021-08-07 21:37:45,464: log_options() 'lightness_enabled = False'
INFO: 2021-08-07 21:37:45,464: log_options() 'lightness_mode = 0'
INFO: 2021-08-07 21:37:45,464: log_options() 'min_rating = 4'
INFO: 2021-08-07 21:37:45,464: log_options() 'min_rating_enabled = False'
INFO: 2021-08-07 21:37:45,464: log_options() 'min_size = 80'
INFO: 2021-08-07 21:37:45,464: log_options() 'min_size_enabled = True'
INFO: 2021-08-07 21:37:45,464: log_options() 'quota_enabled = True'
INFO: 2021-08-07 21:37:45,464: log_options() 'quota_size = 1000'
INFO: 2021-08-07 21:37:45,464: log_options() 'quotes_authors = '
INFO: 2021-08-07 21:37:45,464: log_options() 'quotes_bg_color = [80, 80, 80]'
INFO: 2021-08-07 21:37:45,464: log_options() 'quotes_bg_opacity = 55'
INFO: 2021-08-07 21:37:45,464: log_options() 'quotes_change_enabled = False'
INFO: 2021-08-07 21:37:45,464: log_options() 'quotes_change_interval = 300'
INFO: 2021-08-07 21:37:45,464: log_options() 'quotes_disabled_sources = ['Urban Dictionary']'
INFO: 2021-08-07 21:37:45,464: log_options() 'quotes_enabled = False'
INFO: 2021-08-07 21:37:45,464: log_options() 'quotes_favorites_file = /home/niel/.config/variety/favorite_quotes.txt'
INFO: 2021-08-07 21:37:45,464: log_options() 'quotes_font = Bitstream Charter 30'
INFO: 2021-08-07 21:37:45,464: log_options() 'quotes_hpos = 100'
INFO: 2021-08-07 21:37:45,464: log_options() 'quotes_max_length = 250'
INFO: 2021-08-07 21:37:45,464: log_options() 'quotes_tags = '
INFO: 2021-08-07 21:37:45,464: log_options() 'quotes_text_color = [255, 255, 255]'
INFO: 2021-08-07 21:37:45,464: log_options() 'quotes_text_shadow = False'
INFO: 2021-08-07 21:37:45,464: log_options() 'quotes_vpos = 40'
INFO: 2021-08-07 21:37:45,464: log_options() 'quotes_width = 70'
INFO: 2021-08-07 21:37:45,464: log_options() 'safe_mode = False'
INFO: 2021-08-07 21:37:45,464: log_options() 'slideshow_custom_enabled = False'
INFO: 2021-08-07 21:37:45,464: log_options() 'slideshow_custom_folder = /home/niel/Pictures'
INFO: 2021-08-07 21:37:45,464: log_options() 'slideshow_downloads_enabled = False'
INFO: 2021-08-07 21:37:45,465: log_options() 'slideshow_fade = 0.4'
INFO: 2021-08-07 21:37:45,465: log_options() 'slideshow_favorites_enabled = True'
INFO: 2021-08-07 21:37:45,465: log_options() 'slideshow_mode = Fullscreen'
INFO: 2021-08-07 21:37:45,465: log_options() 'slideshow_monitor = All'
INFO: 2021-08-07 21:37:45,465: log_options() 'slideshow_pan = 0.05'
INFO: 2021-08-07 21:37:45,465: log_options() 'slideshow_seconds = 6.0'
INFO: 2021-08-07 21:37:45,465: log_options() 'slideshow_sort_order = Random'
INFO: 2021-08-07 21:37:45,465: log_options() 'slideshow_sources_enabled = True'
INFO: 2021-08-07 21:37:45,465: log_options() 'slideshow_zoom = 0.2'
INFO: 2021-08-07 21:37:45,465: log_options() 'smart_enabled = False'
INFO: 2021-08-07 21:37:45,465: log_options() 'smart_notice_shown = False'
INFO: 2021-08-07 21:37:45,465: log_options() 'smart_register_shown = False'
INFO: 2021-08-07 21:37:45,465: log_options() 'sources = [[True, 'favorites', 'The Favorites folder'], [False, 'fetched', 'The Fetched folder'], [True, 'folder', '/usr/share/backgrounds'], [False, 'flickr', 'user:www.flickr.com/photos/peter-levi/;user_id:93647178@N00;'], [False, 'apod', "NASA's Astronomy Picture of the Day"], [False, 'bing', 'Bing Photo of the Day'], [False, 'earthview', 'Google Earth View Wallpapers'], [False, 'unsplash', 'High-resolution photos from Unsplash.com'], [True, 'wallhaven', 'minimalism']]'
INFO: 2021-08-07 21:37:45,465: log_options() 'stats_enabled = True'
INFO: 2021-08-07 21:37:45,465: log_options() 'stats_notice_shown = False'
INFO: 2021-08-07 21:37:45,465: log_options() 'sync_enabled = True'
INFO: 2021-08-07 21:37:45,465: log_options() 'use_landscape_enabled = True'
INFO: 2021-08-07 21:37:45,465: reload_config() 'No need to clear prepared queue'
INFO: 2021-08-07 21:37:45,465: update_indicator() 'Setting file info to: /home/niel/.config/variety/Downloaded/wallhaven_minimalism/wallhaven-83ow2y.jpg'
INFO: 2021-08-07 21:37:45,467: load_last_change_time() 'Change interval < 6 hours, ignore persisted last_change_time, wait initially the whole interval: 300'
INFO: 2021-08-07 21:37:45,467: update_indicator() 'Setting file info to: /home/niel/.config/variety/Downloaded/wallhaven_minimalism/wallhaven-83ow2y.jpg'
INFO: 2021-08-07 21:37:45,468: regular_change_thread() 'regular_change thread running'
INFO: 2021-08-07 21:37:45,469: prepare_thread() 'Prepare thread running'
INFO: 2021-08-07 21:37:45,469: prepare_thread() 'Prepared buffer contains 0 images'
INFO: 2021-08-07 21:37:45,469: prepare_thread() 'Preparing some images'
INFO: 2021-08-07 21:37:45,471: update_indicator_icon() 'Creating indicator'
WARNING: 2021-08-07 21:37:45,488: create_menu() 'Variety Slideshow is not installed. This is an optional extension adding pan-and-zoom slideshows to Variety: see https://github.com/peterlevi/variety-slideshow for details'
INFO: 2021-08-07 21:37:45,490: create_indicator() 'indicator backend: AppIndicator3'
INFO: 2021-08-07 21:37:45,496: prepare_thread() 'After search prepared buffer contains 43 images'
INFO: 2021-08-07 21:37:45,547: set_from_theme_icon() 'Showing indicator icon variety-indicator from GTK theme'
INFO: 2021-08-07 21:37:45,567: do_set_wp() 'Calling do_set_wp with /home/niel/.config/variety/Downloaded/wallhaven_minimalism/wallhaven-83ow2y.jpg, time: 1628365065.567928'
INFO: 2021-08-07 21:37:45,584: update_indicator() 'Setting file info to: /home/niel/.config/variety/Downloaded/wallhaven_minimalism/wallhaven-83ow2y.jpg'
INFO: 2021-08-07 21:37:45,586: list_files() 'More than 1 files in the folders, stop listing'
INFO: 2021-08-07 21:37:46,852: reload() 'Reloading preferences dialog'
INFO: 2021-08-07 21:37:47,497: trigger_download() 'Triggering download thread to check if download needed'
INFO: 2021-08-07 21:37:50,469: set_wallpaper() 'Calling set_wallpaper with /home/niel/.config/variety/Downloaded/wallhaven_minimalism/wallhaven-pnr9jn.png'
INFO: 2021-08-07 21:37:50,470: prepare_thread() 'Prepared buffer contains 43 images'
INFO: 2021-08-07 21:37:50,472: do_set_wp() 'Calling do_set_wp with /home/niel/.config/variety/Downloaded/wallhaven_minimalism/wallhaven-pnr9jn.png, time: 1628365070.472631'
INFO: 2021-08-07 21:37:50,479: regular_change_thread() 'regular_change: waiting till user resumes'
INFO: 2021-08-07 21:37:50,492: update_indicator() 'Setting file info to: /home/niel/.config/variety/Downloaded/wallhaven_minimalism/wallhaven-pnr9jn.png'
INFO: 2021-08-07 21:37:50,494: list_files() 'More than 1 files in the folders, stop listing'
INFO: 2021-08-07 21:37:52,471: trigger_download() 'Triggering download thread to check if download needed'
INFO: 2021-08-07 21:37:52,471: get_throttling() 'Wallhaven.cc: parsing serverside options'
INFO: 2021-08-07 21:37:52,471: get_throttling() 'Could not parse Wallhaven.cc serverside options, using defaults 360, 40'
INFO: 2021-08-07 21:37:52,471: get_throttling() 'Wallhaven.cc: parsing serverside options'
INFO: 2021-08-07 21:37:52,471: get_throttling() 'Could not parse Wallhaven.cc serverside options, using defaults 360, 40'
INFO: 2021-08-07 21:37:52,472: download_one() 'Wallhaven.cc: Downloading an image, config: minimalism'
INFO: 2021-08-07 21:37:52,472: download_one() 'Wallhaven.cc: Queue size: 0'
INFO: 2021-08-07 21:37:52,472: get_throttling() 'Wallhaven.cc: parsing serverside options'
INFO: 2021-08-07 21:37:52,472: get_throttling() 'Could not parse Wallhaven.cc serverside options, using defaults 360, 40'
INFO: 2021-08-07 21:37:52,472: trigger_download() 'Triggering download thread to check if download needed'
INFO: 2021-08-07 21:37:52,472: download_one() 'Wallhaven.cc: Filling queue'
INFO: 2021-08-07 21:37:52,472: search() 'Performing wallhaven search: url=https://wallhaven.cc/search?q=minimalism&categories=111&purity=100&sorting=favorites&order=desc'
INFO: 2021-08-07 21:37:53,148: fill_queue() '12893 wallpapers in result, using page 9'
INFO: 2021-08-07 21:37:53,149: search() 'Performing wallhaven search: url=https://wallhaven.cc/search?q=minimalism&categories=111&purity=100&sorting=favorites&order=desc&page=9'
INFO: 2021-08-07 21:37:53,645: download_one() 'Wallhaven.cc: Queue populated with 11 URLs'
INFO: 2021-08-07 21:37:53,645: download_queue_item() 'Wallpaper URL: https://wallhaven.cc/w/kwqk56'
INFO: 2021-08-07 21:37:54,345: download_queue_item() 'Image src URL: https://w.wallhaven.cc/full/kw/wallhaven-kwqk56.png'
INFO: 2021-08-07 21:37:54,347: save_locally() 'Origin URL: https://wallhaven.cc/w/kwqk56'
INFO: 2021-08-07 21:37:54,347: save_locally() 'Image URL: https://w.wallhaven.cc/full/kw/wallhaven-kwqk56.png'
INFO: 2021-08-07 21:37:54,347: save_locally() 'Local path: /home/niel/.config/variety/Downloaded/wallhaven_minimalism/wallhaven-kwqk56.png'
INFO: 2021-08-07 21:37:54,347: save_locally() 'File already exists, skip downloading'
INFO: 2021-08-07 21:38:05,490: server_options_thread() 'Fetching server options from http://tiny.cc/variety-options-063'
INFO: 2021-08-07 21:38:06,436: server_options_thread() 'Fetched server options: {'flickr': {'min_fill_queue_interval': 1200, 'min_download_interval': 1200}, 'wallbase': {'min_fill_queue_interval': 1800, 'min_download_interval': 1800}, 'wallhaven': {'min_fill_queue_interval': 1800, 'min_download_interval': 1800}, 'wallpapers.net': {'min_fill_queue_interval': 601, 'min_download_interval': 0}, 'unsplash': {'min_fill_queue_interval': 20000000000, 'min_download_interval': 20000000000}, 'unsplash_v2': {'min_fill_queue_interval': 2000, 'min_download_interval': 1200}, 'status_message': {'0.0.1': '', '*': ''}}'
INFO: 2021-08-07 21:40:55,349: get_throttling() 'Wallhaven.cc: parsing serverside options'
INFO: 2021-08-07 21:40:55,350: get_throttling() 'Wallhaven.cc serverside options: {'min_fill_queue_interval': 1800, 'min_download_interval': 1800}'
INFO: 2021-08-07 21:40:55,350: get_throttling() 'Wallhaven.cc: parsing serverside options'
INFO: 2021-08-07 21:40:55,350: get_throttling() 'Wallhaven.cc serverside options: {'min_fill_queue_interval': 1800, 'min_download_interval': 1800}'
INFO: 2021-08-07 21:40:55,350: download_one() 'Wallhaven.cc: Downloading an image, config: minimalism'
INFO: 2021-08-07 21:40:55,351: download_one() 'Wallhaven.cc: Queue size: 10'
INFO: 2021-08-07 21:40:55,351: download_one() 'Wallhaven.cc: Queue populated with 10 URLs'
INFO: 2021-08-07 21:40:55,351: download_queue_item() 'Wallpaper URL: https://wallhaven.cc/w/96596d'
INFO: 2021-08-07 21:40:56,007: download_queue_item() 'Image src URL: https://w.wallhaven.cc/full/96/wallhaven-96596d.png'
INFO: 2021-08-07 21:40:56,009: save_locally() 'Origin URL: https://wallhaven.cc/w/96596d'
INFO: 2021-08-07 21:40:56,009: save_locally() 'Image URL: https://w.wallhaven.cc/full/96/wallhaven-96596d.png'
INFO: 2021-08-07 21:40:56,009: save_locally() 'Local path: /home/niel/.config/variety/Downloaded/wallhaven_minimalism/wallhaven-96596d.png'
INFO: 2021-08-07 21:40:57,567: save_locally() 'Download complete'
INFO: 2021-08-07 21:40:57,568: update_indicator() 'Setting file info to: /home/niel/.config/variety/Downloaded/wallhaven_minimalism/wallhaven-pnr9jn.png'
INFO: 2021-08-07 21:40:57,569: list_files() 'More than 1 files in the folders, stop listing'
INFO: 2021-08-07 21:40:57,570: download_one_from() 'Adding downloaded file /home/niel/.config/variety/Downloaded/wallhaven_minimalism/wallhaven-96596d.png to unseen_downloads'
